[1/10] cl /c /Zc:__cplusplus /Zp8 /GR /W3 /EHs /nologo /MD /D_CRT_SECURE_NO_DEPRECATE /D_SCL_SECURE_NO_DEPRECATE /D_SECURE_SCL=0   /DMATLAB_MEX_FILE  /DMATLAB_MEX_FILE /O2 /Oy- /DNDEBUG /fp:strict /utf-8 /I "." /I "C:\Users\kyle\Documents\MATLAB\Examples\R2024a\gpucoder\CodeGenerationUsingCUDAFFTLibrariesExample" /I "C:\Program Files\MATLAB\R2024a\toolbox\gpucoder\src\gpucoderrt\export\include\gpucoderrt" /I "C:\Program Files\MATLAB\R2024a\sys\cuda\win64\cuda\include" /I ".\interface" /I "C:\Program Files\MATLAB\R2024a\extern\include" /I "." -DMW_CUDA_ARCH=860 -DMW_GPU_MEMORY_MANAGER -DMODEL=updateParticlesByGroup_mex -DMW_NEEDS_VERSION_H   interface\_coder_updateParticlesByGroup_info.cpp /Fobuild\win64\_coder_updateParticlesByGroup_info.obj
_coder_updateParticlesByGroup_info.cpp
[2/10] nvcc -c -rdc=true -Wno-deprecated-gpu-targets -Xcompiler "/wd 4819" -Xcompiler "/MD" -Xcudafe "--display_error_number --diag_suppress=2381 --diag_suppress=unsigned_compare_with_zero --diag_suppress=useless_type_qualifier_on_return_type" -D_GNU_SOURCE -DMATLAB_MEX_FILE --no-exceptions -Xcompiler "/EHa" -noprof -ldir "C:\Program Files\MATLAB\R2024a/bin/win64" -Xcompiler "/utf-8" -I "." -I "C:\Users\kyle\Documents\MATLAB\Examples\R2024a\gpucoder\CodeGenerationUsingCUDAFFTLibrariesExample" -I "C:\Program Files\MATLAB\R2024a\toolbox\gpucoder\src\gpucoderrt\export\include\gpucoderrt" -I "C:\Program Files\MATLAB\R2024a\sys\cuda\win64\cuda\include" -I ".\interface" -I "C:\Program Files\MATLAB\R2024a\extern\include" -I "." -DMW_CUDA_ARCH=860 -DMW_GPU_MEMORY_MANAGER -DMODEL=updateParticlesByGroup_mex -DMW_NEEDS_VERSION_H  -arch sm_86 -I "C:\Program Files\MATLAB\R2024a/simulink/include" -I "C:\Program Files\MATLAB\R2024a/toolbox/shared/simtargets" cpp_mexapi_version.cpp -o build\win64\cpp_mexapi_version.obj
cpp_mexapi_version.cpp
[3/10] nvcc -c -rdc=true -Wno-deprecated-gpu-targets -Xcompiler "/wd 4819" -Xcompiler "/MD" -Xcudafe "--display_error_number --diag_suppress=2381 --diag_suppress=unsigned_compare_with_zero --diag_suppress=useless_type_qualifier_on_return_type" -D_GNU_SOURCE -DMATLAB_MEX_FILE --no-exceptions -Xcompiler "/EHa" -noprof -ldir "C:\Program Files\MATLAB\R2024a/bin/win64" -Xcompiler "/utf-8" -I "." -I "C:\Users\kyle\Documents\MATLAB\Examples\R2024a\gpucoder\CodeGenerationUsingCUDAFFTLibrariesExample" -I "C:\Program Files\MATLAB\R2024a\toolbox\gpucoder\src\gpucoderrt\export\include\gpucoderrt" -I "C:\Program Files\MATLAB\R2024a\sys\cuda\win64\cuda\include" -I ".\interface" -I "C:\Program Files\MATLAB\R2024a\extern\include" -I "." -DMW_CUDA_ARCH=860 -DMW_GPU_MEMORY_MANAGER -DMODEL=updateParticlesByGroup_mex -DMW_NEEDS_VERSION_H  -arch sm_86 -I "C:\Program Files\MATLAB\R2024a/simulink/include" -I "C:\Program Files\MATLAB\R2024a/toolbox/shared/simtargets" rt_nonfinite.cu -o build\win64\rt_nonfinite.obj
rt_nonfinite.cu
tmpxft_00003cc8_00000000-10_rt_nonfinite.cudafe1.cpp
[4/10] nvcc -c -rdc=true -Wno-deprecated-gpu-targets -Xcompiler "/wd 4819" -Xcompiler "/MD" -Xcudafe "--display_error_number --diag_suppress=2381 --diag_suppress=unsigned_compare_with_zero --diag_suppress=useless_type_qualifier_on_return_type" -D_GNU_SOURCE -DMATLAB_MEX_FILE --no-exceptions -Xcompiler "/EHa" -noprof -ldir "C:\Program Files\MATLAB\R2024a/bin/win64" -Xcompiler "/utf-8" -I "." -I "C:\Users\kyle\Documents\MATLAB\Examples\R2024a\gpucoder\CodeGenerationUsingCUDAFFTLibrariesExample" -I "C:\Program Files\MATLAB\R2024a\toolbox\gpucoder\src\gpucoderrt\export\include\gpucoderrt" -I "C:\Program Files\MATLAB\R2024a\sys\cuda\win64\cuda\include" -I ".\interface" -I "C:\Program Files\MATLAB\R2024a\extern\include" -I "." -DMW_CUDA_ARCH=860 -DMW_GPU_MEMORY_MANAGER -DMODEL=updateParticlesByGroup_mex -DMW_NEEDS_VERSION_H  -arch sm_86 -I "C:\Program Files\MATLAB\R2024a/simulink/include" -I "C:\Program Files\MATLAB\R2024a/toolbox/shared/simtargets" updateParticlesByGroup_terminate.cu -o build\win64\updateParticlesByGroup_terminate.obj
updateParticlesByGroup_terminate.cu
tmpxft_00004f58_00000000-10_updateParticlesByGroup_terminate.cudafe1.cpp
[5/10] nvcc -c -rdc=true -Wno-deprecated-gpu-targets -Xcompiler "/wd 4819" -Xcompiler "/MD" -Xcudafe "--display_error_number --diag_suppress=2381 --diag_suppress=unsigned_compare_with_zero --diag_suppress=useless_type_qualifier_on_return_type" -D_GNU_SOURCE -DMATLAB_MEX_FILE --no-exceptions -Xcompiler "/EHa" -noprof -ldir "C:\Program Files\MATLAB\R2024a/bin/win64" -Xcompiler "/utf-8" -I "." -I "C:\Users\kyle\Documents\MATLAB\Examples\R2024a\gpucoder\CodeGenerationUsingCUDAFFTLibrariesExample" -I "C:\Program Files\MATLAB\R2024a\toolbox\gpucoder\src\gpucoderrt\export\include\gpucoderrt" -I "C:\Program Files\MATLAB\R2024a\sys\cuda\win64\cuda\include" -I ".\interface" -I "C:\Program Files\MATLAB\R2024a\extern\include" -I "." -DMW_CUDA_ARCH=860 -DMW_GPU_MEMORY_MANAGER -DMODEL=updateParticlesByGroup_mex -DMW_NEEDS_VERSION_H  -arch sm_86 -I "C:\Program Files\MATLAB\R2024a/simulink/include" -I "C:\Program Files\MATLAB\R2024a/toolbox/shared/simtargets" interface\_coder_updateParticlesByGroup_api.cu -o build\win64\_coder_updateParticlesByGroup_api.obj
_coder_updateParticlesByGroup_api.cu
tmpxft_000001a8_00000000-10__coder_updateParticlesByGroup_api.cudafe1.cpp
[6/10] nvcc -c -rdc=true -Wno-deprecated-gpu-targets -Xcompiler "/wd 4819" -Xcompiler "/MD" -Xcudafe "--display_error_number --diag_suppress=2381 --diag_suppress=unsigned_compare_with_zero --diag_suppress=useless_type_qualifier_on_return_type" -D_GNU_SOURCE -DMATLAB_MEX_FILE --no-exceptions -Xcompiler "/EHa" -noprof -ldir "C:\Program Files\MATLAB\R2024a/bin/win64" -Xcompiler "/utf-8" -I "." -I "C:\Users\kyle\Documents\MATLAB\Examples\R2024a\gpucoder\CodeGenerationUsingCUDAFFTLibrariesExample" -I "C:\Program Files\MATLAB\R2024a\toolbox\gpucoder\src\gpucoderrt\export\include\gpucoderrt" -I "C:\Program Files\MATLAB\R2024a\sys\cuda\win64\cuda\include" -I ".\interface" -I "C:\Program Files\MATLAB\R2024a\extern\include" -I "." -DMW_CUDA_ARCH=860 -DMW_GPU_MEMORY_MANAGER -DMODEL=updateParticlesByGroup_mex -DMW_NEEDS_VERSION_H  -arch sm_86 -I "C:\Program Files\MATLAB\R2024a/simulink/include" -I "C:\Program Files\MATLAB\R2024a/toolbox/shared/simtargets" updateParticlesByGroup_data.cu -o build\win64\updateParticlesByGroup_data.obj
updateParticlesByGroup_data.cu
tmpxft_00004d2c_00000000-10_updateParticlesByGroup_data.cudafe1.cpp
[7/10] nvcc -c -rdc=true -Wno-deprecated-gpu-targets -Xcompiler "/wd 4819" -Xcompiler "/MD" -Xcudafe "--display_error_number --diag_suppress=2381 --diag_suppress=unsigned_compare_with_zero --diag_suppress=useless_type_qualifier_on_return_type" -D_GNU_SOURCE -DMATLAB_MEX_FILE --no-exceptions -Xcompiler "/EHa" -noprof -ldir "C:\Program Files\MATLAB\R2024a/bin/win64" -Xcompiler "/utf-8" -I "." -I "C:\Users\kyle\Documents\MATLAB\Examples\R2024a\gpucoder\CodeGenerationUsingCUDAFFTLibrariesExample" -I "C:\Program Files\MATLAB\R2024a\toolbox\gpucoder\src\gpucoderrt\export\include\gpucoderrt" -I "C:\Program Files\MATLAB\R2024a\sys\cuda\win64\cuda\include" -I ".\interface" -I "C:\Program Files\MATLAB\R2024a\extern\include" -I "." -DMW_CUDA_ARCH=860 -DMW_GPU_MEMORY_MANAGER -DMODEL=updateParticlesByGroup_mex -DMW_NEEDS_VERSION_H  -arch sm_86 -I "C:\Program Files\MATLAB\R2024a/simulink/include" -I "C:\Program Files\MATLAB\R2024a/toolbox/shared/simtargets" updateParticlesByGroup.cu -o build\win64\updateParticlesByGroup.obj
updateParticlesByGroup.cu
tmpxft_00005058_00000000-10_updateParticlesByGroup.cudafe1.cpp
[8/10] nvcc -c -rdc=true -Wno-deprecated-gpu-targets -Xcompiler "/wd 4819" -Xcompiler "/MD" -Xcudafe "--display_error_number --diag_suppress=2381 --diag_suppress=unsigned_compare_with_zero --diag_suppress=useless_type_qualifier_on_return_type" -D_GNU_SOURCE -DMATLAB_MEX_FILE --no-exceptions -Xcompiler "/EHa" -noprof -ldir "C:\Program Files\MATLAB\R2024a/bin/win64" -Xcompiler "/utf-8" -I "." -I "C:\Users\kyle\Documents\MATLAB\Examples\R2024a\gpucoder\CodeGenerationUsingCUDAFFTLibrariesExample" -I "C:\Program Files\MATLAB\R2024a\toolbox\gpucoder\src\gpucoderrt\export\include\gpucoderrt" -I "C:\Program Files\MATLAB\R2024a\sys\cuda\win64\cuda\include" -I ".\interface" -I "C:\Program Files\MATLAB\R2024a\extern\include" -I "." -DMW_CUDA_ARCH=860 -DMW_GPU_MEMORY_MANAGER -DMODEL=updateParticlesByGroup_mex -DMW_NEEDS_VERSION_H  -arch sm_86 -I "C:\Program Files\MATLAB\R2024a/simulink/include" -I "C:\Program Files\MATLAB\R2024a/toolbox/shared/simtargets" updateParticlesByGroup_initialize.cu -o build\win64\updateParticlesByGroup_initialize.obj
updateParticlesByGroup_initialize.cu
tmpxft_000032c0_00000000-10_updateParticlesByGroup_initialize.cudafe1.cpp
[9/10] nvcc -c -rdc=true -Wno-deprecated-gpu-targets -Xcompiler "/wd 4819" -Xcompiler "/MD" -Xcudafe "--display_error_number --diag_suppress=2381 --diag_suppress=unsigned_compare_with_zero --diag_suppress=useless_type_qualifier_on_return_type" -D_GNU_SOURCE -DMATLAB_MEX_FILE --no-exceptions -Xcompiler "/EHa" -noprof -ldir "C:\Program Files\MATLAB\R2024a/bin/win64" -Xcompiler "/utf-8" -I "." -I "C:\Users\kyle\Documents\MATLAB\Examples\R2024a\gpucoder\CodeGenerationUsingCUDAFFTLibrariesExample" -I "C:\Program Files\MATLAB\R2024a\toolbox\gpucoder\src\gpucoderrt\export\include\gpucoderrt" -I "C:\Program Files\MATLAB\R2024a\sys\cuda\win64\cuda\include" -I ".\interface" -I "C:\Program Files\MATLAB\R2024a\extern\include" -I "." -DMW_CUDA_ARCH=860 -DMW_GPU_MEMORY_MANAGER -DMODEL=updateParticlesByGroup_mex -DMW_NEEDS_VERSION_H  -arch sm_86 -I "C:\Program Files\MATLAB\R2024a/simulink/include" -I "C:\Program Files\MATLAB\R2024a/toolbox/shared/simtargets" interface\_coder_updateParticlesByGroup_mex.cu -o build\win64\_coder_updateParticlesByGroup_mex.obj
_coder_updateParticlesByGroup_mex.cu
tmpxft_00000f54_00000000-10__coder_updateParticlesByGroup_mex.cudafe1.cpp
[10/10] nvcc  -Xlinker /nologo -Xlinker /DLL -L"C:\Program Files\MATLAB\R2024a\extern\lib\win64\microsoft" libmx.lib libmex.lib libmat.lib kernel32.lib user32.lib gdi32.lib winspool.lib comdlg32.lib advapi32.lib shell32.lib ole32.lib oleaut32.lib uuid.lib odbc32.lib odbccp32.lib libMatlabDataArray.lib libMatlabEngine.lib   -L"C:\Program Files\MATLAB\R2024a\sys\cuda\win64\cuda\lib\x64" -L"C:\Program Files\MATLAB\R2024a\bin\win64" libemlrt.lib libcovrt.lib libut.lib libmwmathutil.lib -L"C:\Program Files\MATLAB\R2024a\lib\win64" gpucoderrt.lib -arch sm_86 -I"C:\Program Files\MATLAB\R2024a\sys\cuda\win64\cuda\include" -lcublas -lcusolver -lcufft -lcurand -lcusparse -Xnvlink -w  -Wno-deprecated-gpu-targets -Xlinker /NODEFAULTLIB:libcmt.lib -o updateParticlesByGroup_mex.mexw64 build\win64\updateParticlesByGroup_data.obj build\win64\rt_nonfinite.obj build\win64\updateParticlesByGroup_initialize.obj build\win64\updateParticlesByGroup_terminate.obj build\win64\_coder_updateParticlesByGroup_api.obj build\win64\_coder_updateParticlesByGroup_mex.obj build\win64\updateParticlesByGroup.obj build\win64\_coder_updateParticlesByGroup_info.obj build\win64\cpp_mexapi_version.obj
libmx.lib
libmex.lib
libmat.lib
kernel32.lib
user32.lib
gdi32.lib
winspool.lib
comdlg32.lib
advapi32.lib
shell32.lib
ole32.lib
oleaut32.lib
uuid.lib
odbc32.lib
odbccp32.lib
libMatlabDataArray.lib
libMatlabEngine.lib
libemlrt.lib
libcovrt.lib
libut.lib
libmwmathutil.lib
gpucoderrt.lib
updateParticlesByGroup_data.obj
rt_nonfinite.obj
updateParticlesByGroup_initialize.obj
updateParticlesByGroup_terminate.obj
_coder_updateParticlesByGroup_api.obj
_coder_updateParticlesByGroup_mex.obj
updateParticlesByGroup.obj
_coder_updateParticlesByGroup_info.obj
cpp_mexapi_version.obj
   Creating library updateParticlesByGroup_mex.lib and object updateParticlesByGroup_mex.exp
